<?xml version="1.0" encoding="UTF-8"?>
<!-- Generated by org.testng.reporters.JUnitReportReporter -->
<testsuite hostname="INLEN8520074565" failures="0" tests="2" name="testrunner.Excel_TestRunner" time="33.320" errors="0" timestamp="2023-06-08T17:53:23 IST" skipped="0">
  <testcase classname="testrunner.Excel_TestRunner" name="runScenario" time="12.849"/>
  <system-out/>
  <testcase classname="testrunner.Excel_TestRunner" name="runScenario" time="20.471"/>
  <system-out/>
</testsuite> <!-- testrunner.Excel_TestRunner -->
