<?xml version="1.0" encoding="UTF-8"?>
<!-- Generated by org.testng.reporters.JUnitReportReporter -->
<testsuite hostname="INLEN8520074565" failures="0" tests="1" name="testrunner.LandingPage_TestRunner" time="7.077" errors="0" timestamp="2023-06-06T15:03:05 IST" skipped="0">
  <testcase classname="testrunner.LandingPage_TestRunner" name="runScenario" time="7.077"/>
  <system-out/>
</testsuite> <!-- testrunner.LandingPage_TestRunner -->
