<?xml version="1.0" encoding="UTF-8"?>
<!-- Generated by org.testng.reporters.JUnitReportReporter -->
<testsuite hostname="INLEN8520074565" failures="0" tests="3" name="testrunner.CommunityForum_1_TestRunner" time="38.753" errors="0" timestamp="2023-06-08T17:53:23 IST" skipped="0">
  <testcase classname="testrunner.CommunityForum_1_TestRunner" name="runScenario" time="7.697"/>
  <system-out/>
  <testcase classname="testrunner.CommunityForum_1_TestRunner" name="runScenario" time="22.333"/>
  <system-out/>
  <testcase classname="testrunner.CommunityForum_1_TestRunner" name="runScenario" time="8.723"/>
  <system-out/>
</testsuite> <!-- testrunner.CommunityForum_1_TestRunner -->
