<?xml version="1.0" encoding="UTF-8"?>
<!-- Generated by org.testng.reporters.JUnitReportReporter -->
<testsuite hostname="INLEN8520074565" failures="0" tests="3" name="testrunner.CommunityForum_2_TestRunner" time="31.229" errors="0" timestamp="2023-06-08T17:53:23 IST" skipped="0">
  <testcase classname="testrunner.CommunityForum_2_TestRunner" name="runScenario" time="10.559"/>
  <system-out/>
  <testcase classname="testrunner.CommunityForum_2_TestRunner" name="runScenario" time="10.217"/>
  <system-out/>
  <testcase classname="testrunner.CommunityForum_2_TestRunner" name="runScenario" time="10.453"/>
  <system-out/>
</testsuite> <!-- testrunner.CommunityForum_2_TestRunner -->
