<?xml version="1.0" encoding="UTF-8"?>
<!-- Generated by org.testng.reporters.JUnitReportReporter -->
<testsuite hostname="INLEN8520074565" failures="0" tests="3" name="testrunner.LoginPage_1_TestRunner" time="83.692" errors="2" timestamp="2023-06-03T18:48:48 IST" skipped="0">
  <testcase classname="testrunner.LoginPage_1_TestRunner" name="runScenario" time="27.547"/>
  <system-out/>
  <testcase classname="testrunner.LoginPage_1_TestRunner" name="runScenario" time="26.361">
    <error message="Cannot invoke &quot;org.openqa.selenium.WebDriver.findElement(org.openqa.selenium.By)&quot; because &quot;this.driver&quot; is null" type="java.lang.NullPointerException">
      <![CDATA[java.lang.NullPointerException: Cannot invoke "org.openqa.selenium.WebDriver.findElement(org.openqa.selenium.By)" because "this.driver" is null
at loginpage_1_stepdefinition.LoginPage_1_Step.it_shows_elements_on_login_page(LoginPage_1_Step.java:70)
at ✽.It shows elements on login page(file:///C:/Users/MANJGAON/eclipse-workspace/OpenCart_LoginPage_Manjita/src/test/resources/features/LoginPage_1.feature:19)
]]>
    </error>
  </testcase> <!-- runScenario -->
  <system-out/>
  <testcase classname="testrunner.LoginPage_1_TestRunner" name="runScenario" time="29.784">
    <error message="Cannot invoke &quot;org.openqa.selenium.WebDriver.findElement(org.openqa.selenium.By)&quot; because &quot;this.driver&quot; is null" type="java.lang.NullPointerException">
      <![CDATA[java.lang.NullPointerException: Cannot invoke "org.openqa.selenium.WebDriver.findElement(org.openqa.selenium.By)" because "this.driver" is null
at loginpage_1_stepdefinition.LoginPage_1_Step.it_shows_elements_on_login_page(LoginPage_1_Step.java:70)
at ✽.It shows elements on login page(file:///C:/Users/MANJGAON/eclipse-workspace/OpenCart_LoginPage_Manjita/src/test/resources/features/LoginPage_1.feature:12)
]]>
    </error>
  </testcase> <!-- runScenario -->
  <system-out/>
</testsuite> <!-- testrunner.LoginPage_1_TestRunner -->
